GROUP,PACKAGE,CLASS,INSTRUCTION_MISSED,INSTRUCTION_COVERED,BRANCH_MISSED,BRANCH_COVERED,LINE_MISSED,LINE_COVERED,COMPLEXITY_MISSED,COMPLEXITY_COVERED,METHOD_MISSED,METHOD_COVERED
CNSim Engine (cnsim-engine),ca.yorku.cmg.cnsim.engine.reporter,BeliefEntryCounter.AvgTracker,0,34,0,0,0,7,0,3,0,3
CNSim Engine (cnsim-engine),ca.yorku.cmg.cnsim.engine.reporter,Reporter.EventReports,0,39,0,0,0,7,0,1,0,1
CNSim Engine (cnsim-engine),ca.yorku.cmg.cnsim.engine.reporter,Reporter,501,197,54,2,147,68,60,21,32,21
CNSim Engine (cnsim-engine),ca.yorku.cmg.cnsim.engine.reporter,BeliefEntryCounter,1,104,1,3,0,20,1,10,0,9
CNSim Engine (cnsim-engine),ca.yorku.cmg.cnsim.engine.reporter,BeliefEntry,13,72,5,5,1,13,6,6,1,6
CNSim Engine (cnsim-engine),ca.yorku.cmg.cnsim.engine.reporter,ReportEventFactory,39,0,2,0,10,0,4,0,3,0
CNSim Engine (cnsim-engine),ca.yorku.cmg.cnsim.engine.sampling.standardsamplers,StandardNetworkSampler,26,6,2,0,4,3,2,1,1,1
CNSim Engine (cnsim-engine),ca.yorku.cmg.cnsim.engine.sampling.standardsamplers,StandardNodeSampler,82,95,6,4,16,20,13,7,8,7
CNSim Engine (cnsim-engine),ca.yorku.cmg.cnsim.engine.sampling.standardsamplers,StandardTransactionSampler,81,299,12,32,17,59,15,23,6,10
CNSim Engine (cnsim-engine),ca.yorku.cmg.cnsim.engine.config,ConfigInitializer,89,311,26,24,19,87,26,8,1,8
CNSim Engine (cnsim-engine),ca.yorku.cmg.cnsim.engine.config,Config,166,241,15,22,35,64,17,22,5,15
CNSim Engine (cnsim-engine),ca.yorku.cmg.cnsim.engine.network,AbstractNetwork,79,391,15,51,8,98,14,44,2,23
CNSim Engine (cnsim-engine),ca.yorku.cmg.cnsim.engine.network,FileBasedEndToEndNetwork,123,0,20,0,36,0,14,0,4,0
CNSim Engine (cnsim-engine),ca.yorku.cmg.cnsim.engine.network,RandomEndToEndNetwork,53,3,8,0,11,2,6,1,2,1
CNSim Engine (cnsim-engine),ca.yorku.cmg.cnsim.engine.network,NetworkFactory,37,0,2,0,15,0,3,0,2,0
CNSim Engine (cnsim-engine),ca.yorku.cmg.cnsim.engine.exceptions,ConfigurationException,9,0,0,0,4,0,2,0,2,0
CNSim Engine (cnsim-engine),ca.yorku.cmg.cnsim.engine.node,Node,224,83,23,9,56,21,30,10,18,6
CNSim Engine (cnsim-engine),ca.yorku.cmg.cnsim.engine.node,AbstractNodeFactory,17,0,0,0,7,0,5,0,5,0
CNSim Engine (cnsim-engine),ca.yorku.cmg.cnsim.engine.node,PoWNode,169,24,3,1,52,9,27,3,25,3
CNSim Engine (cnsim-engine),ca.yorku.cmg.cnsim.engine.node,NodeSet,56,6,4,0,13,2,9,1,7,1
CNSim Engine (cnsim-engine),ca.yorku.cmg.cnsim.engine.node,PoWNodeSet,181,14,22,0,46,6,16,2,5,2
CNSim Engine (cnsim-engine),ca.yorku.cmg.cnsim.engine.commandline,CommandLineParser,194,282,19,31,40,54,22,23,10,10
CNSim Engine (cnsim-engine),ca.yorku.cmg.cnsim.engine.sampling.filesamplers,FileBasedNodeSampler,199,0,22,0,52,0,20,0,9,0
CNSim Engine (cnsim-engine),ca.yorku.cmg.cnsim.engine.sampling.filesamplers,FileBasedTransactionSampler,605,0,55,0,135,0,43,0,15,0
CNSim Engine (cnsim-engine),ca.yorku.cmg.cnsim.engine.sampling.interfaces,AbstractNodeSampler,139,55,18,6,38,22,22,8,10,8
CNSim Engine (cnsim-engine),ca.yorku.cmg.cnsim.engine.sampling.interfaces,AbstractNetworkSampler,81,24,6,2,24,9,13,3,9,3
CNSim Engine (cnsim-engine),ca.yorku.cmg.cnsim.engine.sampling.interfaces,AbstractTransactionSampler,54,89,5,5,16,29,14,8,9,8
CNSim Engine (cnsim-engine),ca.yorku.cmg.cnsim.engine.sampling.factories,NetworkSamplerFactory,12,22,3,1,1,6,2,2,0,2
CNSim Engine (cnsim-engine),ca.yorku.cmg.cnsim.engine.sampling.factories,TransactionSamplerFactory,27,0,2,0,6,0,3,0,2,0
CNSim Engine (cnsim-engine),ca.yorku.cmg.cnsim.engine.sampling.factories,NodeSamplerFactory,119,71,23,7,20,22,15,2,0,2
CNSim Engine (cnsim-engine),ca.yorku.cmg.cnsim.engine.event,Event_ContainerArrival,49,0,4,0,18,0,4,0,2,0
CNSim Engine (cnsim-engine),ca.yorku.cmg.cnsim.engine.event,Event_NewTransactionArrival,157,0,14,0,48,0,10,0,3,0
CNSim Engine (cnsim-engine),ca.yorku.cmg.cnsim.engine.event,Event_BehaviorChange,178,142,14,12,44,41,11,16,2,12
CNSim Engine (cnsim-engine),ca.yorku.cmg.cnsim.engine.event,EventTimeComparator,10,3,2,0,3,1,2,1,1,1
CNSim Engine (cnsim-engine),ca.yorku.cmg.cnsim.engine.event,Event_Report_BeliefReport,54,0,6,0,16,0,5,0,2,0
CNSim Engine (cnsim-engine),ca.yorku.cmg.cnsim.engine.event,Event_Report_StructureReport,24,0,2,0,6,0,3,0,2,0
CNSim Engine (cnsim-engine),ca.yorku.cmg.cnsim.engine.event,Event_TransactionPropagation,47,0,4,0,17,0,4,0,2,0
CNSim Engine (cnsim-engine),ca.yorku.cmg.cnsim.engine.event,Event_ContainerValidation,64,0,6,0,22,0,6,0,3,0
CNSim Engine (cnsim-engine),ca.yorku.cmg.cnsim.engine.event,Event_Report_NodeStatusReport,24,0,2,0,6,0,3,0,2,0
CNSim Engine (cnsim-engine),ca.yorku.cmg.cnsim.engine.event,Event_HashPowerChange,23,51,2,4,8,16,2,6,0,5
CNSim Engine (cnsim-engine),ca.yorku.cmg.cnsim.engine.event,Event_SeedUpdate,36,0,4,0,14,0,4,0,2,0
CNSim Engine (cnsim-engine),ca.yorku.cmg.cnsim.engine.event,Event,82,40,9,3,19,14,10,7,4,7
CNSim Engine (cnsim-engine),ca.yorku.cmg.cnsim.engine.sampling,SeedManager,41,58,1,1,11,15,8,3,7,3
CNSim Engine (cnsim-engine),ca.yorku.cmg.cnsim.engine.sampling,Sampler,11,144,4,14,2,41,4,21,0,16
CNSim Engine (cnsim-engine),ca.yorku.cmg.cnsim.engine.transaction,TransactionWorkload,253,0,26,0,56,0,22,0,9,0
CNSim Engine (cnsim-engine),ca.yorku.cmg.cnsim.engine.transaction,TxSizeComparator,0,35,0,8,0,10,0,7,0,3
CNSim Engine (cnsim-engine),ca.yorku.cmg.cnsim.engine.transaction,TxValuePerSizeComparator,0,57,0,12,0,12,0,9,0,3
CNSim Engine (cnsim-engine),ca.yorku.cmg.cnsim.engine.transaction,TxConflictRegistry,77,185,10,22,14,45,9,19,1,11
CNSim Engine (cnsim-engine),ca.yorku.cmg.cnsim.engine.transaction,Transaction,95,378,19,29,0,136,19,52,0,47
CNSim Engine (cnsim-engine),ca.yorku.cmg.cnsim.engine.transaction,TxDependencyRegistry,10,482,7,59,1,111,7,48,0,22
CNSim Engine (cnsim-engine),ca.yorku.cmg.cnsim.engine.transaction,TransactionGroup,180,542,18,36,34,120,20,42,10,25
CNSim Engine (cnsim-engine),ca.yorku.cmg.cnsim.engine.transaction,TxValueComparator,0,35,0,8,0,10,0,7,0,3
CNSim Engine (cnsim-engine),ca.yorku.cmg.cnsim.engine,Debug,74,20,7,3,20,6,15,3,10,3
CNSim Engine (cnsim-engine),ca.yorku.cmg.cnsim.engine,ProgressBar,72,0,6,0,13,0,5,0,2,0
CNSim Engine (cnsim-engine),ca.yorku.cmg.cnsim.engine,Simulation,216,42,10,0,57,14,27,3,22,3
CNSim Engine (cnsim-engine),ca.yorku.cmg.cnsim.engine,SimulatorFactory,274,0,16,0,94,0,19,0,11,0
